<?xml version="1.0" encoding="UTF-8"?>
<!-- Generated by org.testng.reporters.JUnitXMLReporter -->
<testsuite ignored="0" hostname="DESKTOP-JASAKAG" failures="0" tests="3" name="Default test" time="23.286" errors="0" timestamp="2026-06-27T11:47:02 IST">
  <testcase classname="Parameterization.DataProviderExample" name="login" time="8.386"/>
  <testcase classname="Parameterization.DataProviderExample" name="login" time="7.28"/>
  <testcase classname="Parameterization.DataProviderExample" name="login" time="7.533"/>
</testsuite> <!-- Default test -->
