<?xml version="1.0" encoding="UTF-8"?>
<!-- Generated by org.testng.reporters.JUnitXMLReporter -->
<testsuite ignored="4" hostname="DESKTOP-JASAKAG" failures="0" tests="1" name="ChromeTest" time="0.109" errors="0" timestamp="2026-07-19T14:19:55 IST">
  <testcase classname="Parameterization.ParameterExample" name="launchApplication" time="0.015"/>
  <testcase classname="myproject.LoginTestNG" name="LoginTest" time="0.0">
    <ignored/>
  </testcase> <!-- LoginTest -->
  <testcase classname="myproject.TestMethod2" name="testMethod1" time="0.0">
    <ignored/>
  </testcase> <!-- testMethod1 -->
  <testcase classname="myproject.TestMethod2" name="testMethod2" time="0.0">
    <ignored/>
  </testcase> <!-- testMethod2 -->
  <testcase classname="Parameterization.DataProviderExample" name="login" time="0.0">
    <ignored/>
  </testcase> <!-- login -->
</testsuite> <!-- ChromeTest -->
