<?xml version="1.0" encoding="UTF-8"?>
<!-- Generated by org.testng.reporters.JUnitReportReporter -->
<testsuite hostname="DESKTOP-JASAKAG" failures="0" tests="3" name="Parameterization.DataProviderExample" time="23.199" errors="0" timestamp="2026-06-27T11:47:02 IST" skipped="0">
  <testcase classname="Parameterization.DataProviderExample" name="login" time="7.533"/>
  <testcase classname="Parameterization.DataProviderExample" name="login" time="7.280"/>
  <testcase classname="Parameterization.DataProviderExample" name="login" time="8.386"/>
</testsuite> <!-- Parameterization.DataProviderExample -->
