<?xml version="1.0" encoding="UTF-8"?>
<!-- Generated by org.testng.reporters.JUnitReportReporter -->
<testsuite hostname="DESKTOP-JASAKAG" failures="0" tests="2" name="Parameterization.ParameterExample" time="0.017" errors="0" timestamp="2026-07-19T14:19:56 IST" skipped="0">
  <testcase classname="Parameterization.ParameterExample" name="launchApplication" time="0.002"/>
  <testcase classname="Parameterization.ParameterExample" name="launchApplication" time="0.015"/>
</testsuite> <!-- Parameterization.ParameterExample -->
